[2025-06-15 00:27:46] 환경변수 'NOTION_TOKEN'가 정상적으로 로드되었습니다.
[2025-06-15 00:27:46] 환경변수 'NOTION_CREATE_PLAN_DB_ID'가 정상적으로 로드되었습니다.
[2025-06-15 00:27:46] 환경변수 'NOTION_CREATE_PLAN_PAGE_ID'가 정상적으로 로드되었습니다.
[2025-06-15 00:27:46] 환경변수 'NOTION_VIEW_PLAN_DB_ID'가 정상적으로 로드되었습니다.
[2025-06-15 00:27:46] 환경변수 'NOTION_VIEW_PLAN_PAGE_ID'가 정상적으로 로드되었습니다.
[2025-06-15 00:27:49] -------------------- 캘린더 계획 생성 및 업데이트 시작 --------------------
[2025-06-15 00:27:49] 전체 생성 계획을 반복 유형에 따라 처리합니다.
[2025-06-15 00:27:54] 계획 'news in levels 한개 읽기'이 2025-06-15에 생성되었습니다.
[2025-06-15 00:27:54] 계획 'news in levels 한개 읽기'이 2025-06-16에 생성되었습니다.
[2025-06-15 00:27:55] 계획 'news in levels 한개 읽기'이 2025-06-17에 생성되었습니다.
[2025-06-15 00:27:56] 계획 'news in levels 한개 읽기'이 2025-06-18에 생성되었습니다.
[2025-06-15 00:27:56] 계획 'news in levels 한개 읽기'이 2025-06-19에 생성되었습니다.
[2025-06-15 00:27:56] 계획 'news in levels 한개 읽기'이 2025-06-20에 생성되었습니다.
[2025-06-15 00:27:56] 계획 'news in levels 한개 읽기'이 2025-06-21에 생성되었습니다.
[2025-06-15 00:27:58] 계획 '하체, 어깨 운동 (1회 남음)'이 2025-06-15에 생성되었습니다.
[2025-06-15 00:28:00] 계획 '등, 이두 운동 (1회 남음)'이 2025-06-15에 생성되었습니다.
[2025-06-15 00:28:01] 계획 '가슴, 삼두 운동 (1회 남음)'이 2025-06-15에 생성되었습니다.
[2025-06-15 00:28:02] -------------------- 이전 계획 상태 업데이트 시작 --------------------
[2025-06-15 00:28:02] 계획 'news in levels 한개 읽기::2025-06-14'이 실패 상태로 업데이트되었습니다.
[2025-06-15 00:28:02] 계획 '가슴, 삼두 운동 (1회 남음)::2025-06-12'은 매주 n회 반복 계획으로 이곳에서 처리하지 않습니다.
[2025-06-15 00:28:02] 계획 '등, 이두 운동 (1회 남음)::2025-06-12'은 매주 n회 반복 계획으로 이곳에서 처리하지 않습니다.
[2025-06-15 00:28:02] 계획 '하체, 어깨 운동 (1회 남음)::2025-06-11'은 매주 n회 반복 계획으로 이곳에서 처리하지 않습니다.
[2025-06-15 00:28:02] -------------------- 오늘 계획 상태 업데이트 시작 --------------------
[2025-06-15 00:28:02] -------------------- 코드 전체 사이클 순회 완료 --------------------
