[2025-06-20 00:29:40] 환경변수 'NOTION_TOKEN'가 정상적으로 로드되었습니다.
[2025-06-20 00:29:40] 환경변수 'NOTION_CREATE_PLAN_DB_ID'가 정상적으로 로드되었습니다.
[2025-06-20 00:29:40] 환경변수 'NOTION_CREATE_PLAN_PAGE_ID'가 정상적으로 로드되었습니다.
[2025-06-20 00:29:40] 환경변수 'NOTION_VIEW_PLAN_DB_ID'가 정상적으로 로드되었습니다.
[2025-06-20 00:29:40] 환경변수 'NOTION_VIEW_PLAN_PAGE_ID'가 정상적으로 로드되었습니다.
[2025-06-20 00:29:45] -------------------- 캘린더 계획 생성 및 업데이트 시작 --------------------
[2025-06-20 00:29:45] 전체 생성 계획을 반복 유형에 따라 처리합니다.
[2025-06-20 00:29:45] 계획 '명상'은 이미 2025-06-20에 생성되어 있습니다. 건너뜁니다.
[2025-06-20 00:29:45] 계획 '명상'은 이미 2025-06-21에 생성되어 있습니다. 건너뜁니다.
[2025-06-20 00:29:45] 계획 'news in levels 한개 읽기'은 이미 2025-06-20에 생성되어 있습니다. 건너뜁니다.
[2025-06-20 00:29:45] 계획 'news in levels 한개 읽기'은 이미 2025-06-21에 생성되어 있습니다. 건너뜁니다.
[2025-06-20 00:29:47] 일요일이 아닌 때에 완료되지 않은 계획 '하체, 어깨 운동 (1회 남음)::2025-06-19'의 시작일을 2025-06-20로 이동했습니다.
[2025-06-20 00:29:49] 일요일이 아닌 때에 완료된 계획 '가슴, 삼두 운동 (1회 남음)::2025-06-19'이 완료 상태로 업데이트되었습니다.
[2025-06-20 00:29:50] -------------------- 이전 계획 상태 업데이트 시작 --------------------
[2025-06-20 00:29:50] 계획 '명상::2025-06-19'이 실패 상태로 업데이트되었습니다.
[2025-06-20 00:29:50] 계획 '가슴, 삼두 운동 (1회 남음)::2025-06-19'은 매주 n회 반복 계획으로 이곳에서 처리하지 않습니다.
[2025-06-20 00:29:50] 계획 '등, 이두 운동 (1회 남음)::2025-06-18'은 매주 n회 반복 계획으로 이곳에서 처리하지 않습니다.
[2025-06-20 00:29:50] 계획 '하체, 어깨 운동 (1회 남음)::2025-06-19'은 매주 n회 반복 계획으로 이곳에서 처리하지 않습니다.
[2025-06-20 00:29:51] 계획 'news in levels 한개 읽기::2025-06-19'이 완료 상태로 업데이트되었습니다.
[2025-06-20 00:29:57] 계획 'news in levels 한개 읽기::2025-06-18'이 완료 상태로 업데이트되었습니다.
[2025-06-20 00:29:57] 계획 'news in levels 한개 읽기::2025-06-17'이 완료 상태로 업데이트되었습니다.
[2025-06-20 00:30:01] 계획 'news in levels 한개 읽기::2025-06-16'이 완료 상태로 업데이트되었습니다.
[2025-06-20 00:30:02] 계획 'news in levels 한개 읽기::2025-06-15'이 완료 상태로 업데이트되었습니다.
[2025-06-20 00:30:02] -------------------- 오늘 계획 상태 업데이트 시작 --------------------
[2025-06-20 00:30:02] 계획 '명상::2025-06-20'이 진행 중 상태로 업데이트되었습니다.
[2025-06-20 00:30:06] 계획 'news in levels 한개 읽기::2025-06-20'이 진행 중 상태로 업데이트되었습니다.
[2025-06-20 00:30:06] -------------------- 코드 전체 사이클 순회 완료 --------------------
