[2025-06-22 00:28:00] 환경변수 'NOTION_TOKEN'가 정상적으로 로드되었습니다.
[2025-06-22 00:28:00] 환경변수 'NOTION_CREATE_PLAN_DB_ID'가 정상적으로 로드되었습니다.
[2025-06-22 00:28:00] 환경변수 'NOTION_CREATE_PLAN_PAGE_ID'가 정상적으로 로드되었습니다.
[2025-06-22 00:28:00] 환경변수 'NOTION_VIEW_PLAN_DB_ID'가 정상적으로 로드되었습니다.
[2025-06-22 00:28:00] 환경변수 'NOTION_VIEW_PLAN_PAGE_ID'가 정상적으로 로드되었습니다.
[2025-06-22 00:28:10] -------------------- 캘린더 계획 생성 및 업데이트 시작 --------------------
[2025-06-22 00:28:10] 전체 생성 계획을 반복 유형에 따라 처리합니다.
[2025-06-22 00:28:10] 계획 '명상'이 2025-06-22에 생성되었습니다.
[2025-06-22 00:28:10] 계획 '명상'이 2025-06-23에 생성되었습니다.
[2025-06-22 00:28:11] 계획 '명상'이 2025-06-24에 생성되었습니다.
[2025-06-22 00:28:11] 계획 '명상'이 2025-06-25에 생성되었습니다.
[2025-06-22 00:28:12] 계획 '명상'이 2025-06-26에 생성되었습니다.
[2025-06-22 00:28:12] 계획 '명상'이 2025-06-27에 생성되었습니다.
[2025-06-22 00:28:12] 계획 '명상'이 2025-06-28에 생성되었습니다.
[2025-06-22 00:28:14] 계획 'news in levels 한개 읽기'이 2025-06-22에 생성되었습니다.
[2025-06-22 00:28:15] 계획 'news in levels 한개 읽기'이 2025-06-23에 생성되었습니다.
[2025-06-22 00:28:16] 계획 'news in levels 한개 읽기'이 2025-06-24에 생성되었습니다.
[2025-06-22 00:28:17] 계획 'news in levels 한개 읽기'이 2025-06-25에 생성되었습니다.
[2025-06-22 00:28:17] 계획 'news in levels 한개 읽기'이 2025-06-26에 생성되었습니다.
[2025-06-22 00:28:19] 계획 'news in levels 한개 읽기'이 2025-06-27에 생성되었습니다.
[2025-06-22 00:28:19] 계획 'news in levels 한개 읽기'이 2025-06-28에 생성되었습니다.
[2025-06-22 00:28:20] 계획 '하체, 어깨 운동 (1회 남음)'이 2025-06-22에 생성되었습니다.
[2025-06-22 00:28:21] 계획 '등, 이두 운동 (1회 남음)'이 2025-06-22에 생성되었습니다.
[2025-06-22 00:28:22] 계획 '가슴, 삼두 운동 (1회 남음)'이 2025-06-22에 생성되었습니다.
[2025-06-22 00:28:22] -------------------- 이전 계획 상태 업데이트 시작 --------------------
[2025-06-22 00:28:23] 계획 '명상::2025-06-21'이 실패 상태로 업데이트되었습니다.
[2025-06-22 00:28:23] 계획 '가슴, 삼두 운동 (1회 남음)::2025-06-19'은 매주 n회 반복 계획으로 이곳에서 처리하지 않습니다.
[2025-06-22 00:28:23] 계획 '등, 이두 운동 (1회 남음)::2025-06-18'은 매주 n회 반복 계획으로 이곳에서 처리하지 않습니다.
[2025-06-22 00:28:23] 계획 '하체, 어깨 운동 (1회 남음)::2025-06-20'은 매주 n회 반복 계획으로 이곳에서 처리하지 않습니다.
[2025-06-22 00:28:23] 계획 'news in levels 한개 읽기::2025-06-21'이 실패 상태로 업데이트되었습니다.
[2025-06-22 00:28:23] -------------------- 오늘 계획 상태 업데이트 시작 --------------------
[2025-06-22 00:28:23] -------------------- 코드 전체 사이클 순회 완료 --------------------
