[2025-06-11 00:29:16] 환경변수 'NOTION_TOKEN'가 정상적으로 로드되었습니다.
[2025-06-11 00:29:16] 환경변수 'NOTION_CREATE_PLAN_DB_ID'가 정상적으로 로드되었습니다.
[2025-06-11 00:29:16] 환경변수 'NOTION_CREATE_PLAN_PAGE_ID'가 정상적으로 로드되었습니다.
[2025-06-11 00:29:16] 환경변수 'NOTION_VIEW_PLAN_DB_ID'가 정상적으로 로드되었습니다.
[2025-06-11 00:29:16] 환경변수 'NOTION_VIEW_PLAN_PAGE_ID'가 정상적으로 로드되었습니다.
[2025-06-11 00:29:19] -------------------- 캘린더 계획 생성 및 업데이트 시작 --------------------
[2025-06-11 00:29:19] 전체 생성 계획을 반복 유형에 따라 처리합니다.
[2025-06-11 00:29:19] 계획 'news in levels 한개 읽기'은 이미 2025-06-11에 생성되어 있습니다. 건너뜁니다.
[2025-06-11 00:29:19] 계획 'news in levels 한개 읽기'은 이미 2025-06-12에 생성되어 있습니다. 건너뜁니다.
[2025-06-11 00:29:19] 계획 'news in levels 한개 읽기'은 이미 2025-06-13에 생성되어 있습니다. 건너뜁니다.
[2025-06-11 00:29:19] 계획 'news in levels 한개 읽기'은 이미 2025-06-14에 생성되어 있습니다. 건너뜁니다.
[2025-06-11 00:29:20] 일요일이 아닌 때에 완료되지 않은 계획 '하체, 어깨 운동 (1회 남음)::2025-06-10'의 시작일을 2025-06-11로 이동했습니다.
[2025-06-11 00:29:23] 일요일이 아닌 때에 완료되지 않은 계획 '등, 이두 운동 (1회 남음)::2025-06-10'의 시작일을 2025-06-11로 이동했습니다.
[2025-06-11 00:29:25] 일요일이 아닌 때에 완료되지 않은 계획 '가슴, 삼두 운동 (1회 남음)::2025-06-10'의 시작일을 2025-06-11로 이동했습니다.
[2025-06-11 00:29:25] -------------------- 이전 계획 상태 업데이트 시작 --------------------
[2025-06-11 00:29:25] 계획 '가슴, 삼두 운동 (1회 남음)::2025-06-10'은 매주 n회 반복 계획으로 이곳에서 처리하지 않습니다.
[2025-06-11 00:29:25] 계획 '등, 이두 운동 (1회 남음)::2025-06-10'은 매주 n회 반복 계획으로 이곳에서 처리하지 않습니다.
[2025-06-11 00:29:25] 계획 '하체, 어깨 운동 (1회 남음)::2025-06-10'은 매주 n회 반복 계획으로 이곳에서 처리하지 않습니다.
[2025-06-11 00:29:26] 계획 'news in levels 한개 읽기::2025-06-10'이 완료 상태로 업데이트되었습니다.
[2025-06-11 00:29:28] 계획 'news in levels 한개 읽기::2025-06-09'이 완료 상태로 업데이트되었습니다.
[2025-06-11 00:29:28] 계획 '가슴, 삼두 운동 (1회 남음)::2025-06-14'은 매주 n회 반복 계획으로 이곳에서 처리하지 않습니다.
[2025-06-11 00:29:28] 계획 '등, 이두 운동 (1회 남음)::2025-06-14'은 매주 n회 반복 계획으로 이곳에서 처리하지 않습니다.
[2025-06-11 00:29:28] 계획 '하체, 어깨 운동 (1회 남음)::2025-06-14'은 매주 n회 반복 계획으로 이곳에서 처리하지 않습니다.
[2025-06-11 00:29:28] -------------------- 오늘 계획 상태 업데이트 시작 --------------------
[2025-06-11 00:29:29] 계획 'news in levels 한개 읽기::2025-06-11'이 진행 중 상태로 업데이트되었습니다.
[2025-06-11 00:29:29] -------------------- 코드 전체 사이클 순회 완료 --------------------
