[2025-06-18 00:30:29] 환경변수 'NOTION_TOKEN'가 정상적으로 로드되었습니다.
[2025-06-18 00:30:29] 환경변수 'NOTION_CREATE_PLAN_DB_ID'가 정상적으로 로드되었습니다.
[2025-06-18 00:30:29] 환경변수 'NOTION_CREATE_PLAN_PAGE_ID'가 정상적으로 로드되었습니다.
[2025-06-18 00:30:29] 환경변수 'NOTION_VIEW_PLAN_DB_ID'가 정상적으로 로드되었습니다.
[2025-06-18 00:30:29] 환경변수 'NOTION_VIEW_PLAN_PAGE_ID'가 정상적으로 로드되었습니다.
[2025-06-18 00:30:33] -------------------- 캘린더 계획 생성 및 업데이트 시작 --------------------
[2025-06-18 00:30:33] 전체 생성 계획을 반복 유형에 따라 처리합니다.
[2025-06-18 00:30:33] 계획 'news in levels 한개 읽기'은 이미 2025-06-18에 생성되어 있습니다. 건너뜁니다.
[2025-06-18 00:30:33] 계획 'news in levels 한개 읽기'은 이미 2025-06-19에 생성되어 있습니다. 건너뜁니다.
[2025-06-18 00:30:33] 계획 'news in levels 한개 읽기'은 이미 2025-06-20에 생성되어 있습니다. 건너뜁니다.
[2025-06-18 00:30:33] 계획 'news in levels 한개 읽기'은 이미 2025-06-21에 생성되어 있습니다. 건너뜁니다.
[2025-06-18 00:30:34] 일요일이 아닌 때에 완료되지 않은 계획 '하체, 어깨 운동 (1회 남음)::2025-06-17'의 시작일을 2025-06-18로 이동했습니다.
[2025-06-18 00:30:35] 일요일이 아닌 때에 완료되지 않은 계획 '등, 이두 운동 (1회 남음)::2025-06-17'의 시작일을 2025-06-18로 이동했습니다.
[2025-06-18 00:30:36] 일요일이 아닌 때에 완료되지 않은 계획 '가슴, 삼두 운동 (1회 남음)::2025-06-17'의 시작일을 2025-06-18로 이동했습니다.
[2025-06-18 00:30:37] -------------------- 이전 계획 상태 업데이트 시작 --------------------
[2025-06-18 00:30:37] 계획 '가슴, 삼두 운동 (1회 남음)::2025-06-17'은 매주 n회 반복 계획으로 이곳에서 처리하지 않습니다.
[2025-06-18 00:30:37] 계획 '등, 이두 운동 (1회 남음)::2025-06-17'은 매주 n회 반복 계획으로 이곳에서 처리하지 않습니다.
[2025-06-18 00:30:37] 계획 '하체, 어깨 운동 (1회 남음)::2025-06-17'은 매주 n회 반복 계획으로 이곳에서 처리하지 않습니다.
[2025-06-18 00:30:38] 계획 'news in levels 한개 읽기::2025-06-17'이 완료 상태로 업데이트되었습니다.
[2025-06-18 00:30:41] 계획 'news in levels 한개 읽기::2025-06-16'이 완료 상태로 업데이트되었습니다.
[2025-06-18 00:30:41] 계획 'news in levels 한개 읽기::2025-06-15'이 완료 상태로 업데이트되었습니다.
[2025-06-18 00:30:41] -------------------- 오늘 계획 상태 업데이트 시작 --------------------
[2025-06-18 00:30:43] 계획 'news in levels 한개 읽기::2025-06-18'이 진행 중 상태로 업데이트되었습니다.
[2025-06-18 00:30:43] -------------------- 코드 전체 사이클 순회 완료 --------------------
