[2025-06-17 00:30:18] 환경변수 'NOTION_TOKEN'가 정상적으로 로드되었습니다.
[2025-06-17 00:30:18] 환경변수 'NOTION_CREATE_PLAN_DB_ID'가 정상적으로 로드되었습니다.
[2025-06-17 00:30:18] 환경변수 'NOTION_CREATE_PLAN_PAGE_ID'가 정상적으로 로드되었습니다.
[2025-06-17 00:30:18] 환경변수 'NOTION_VIEW_PLAN_DB_ID'가 정상적으로 로드되었습니다.
[2025-06-17 00:30:18] 환경변수 'NOTION_VIEW_PLAN_PAGE_ID'가 정상적으로 로드되었습니다.
[2025-06-17 00:30:22] -------------------- 캘린더 계획 생성 및 업데이트 시작 --------------------
[2025-06-17 00:30:22] 전체 생성 계획을 반복 유형에 따라 처리합니다.
[2025-06-17 00:30:22] 계획 'news in levels 한개 읽기'은 이미 2025-06-17에 생성되어 있습니다. 건너뜁니다.
[2025-06-17 00:30:22] 계획 'news in levels 한개 읽기'은 이미 2025-06-18에 생성되어 있습니다. 건너뜁니다.
[2025-06-17 00:30:22] 계획 'news in levels 한개 읽기'은 이미 2025-06-19에 생성되어 있습니다. 건너뜁니다.
[2025-06-17 00:30:22] 계획 'news in levels 한개 읽기'은 이미 2025-06-20에 생성되어 있습니다. 건너뜁니다.
[2025-06-17 00:30:22] 계획 'news in levels 한개 읽기'은 이미 2025-06-21에 생성되어 있습니다. 건너뜁니다.
[2025-06-17 00:30:28] 일요일이 아닌 때에 완료되지 않은 계획 '하체, 어깨 운동 (1회 남음)::2025-06-16'의 시작일을 2025-06-17로 이동했습니다.
[2025-06-17 00:30:31] 일요일이 아닌 때에 완료되지 않은 계획 '등, 이두 운동 (1회 남음)::2025-06-16'의 시작일을 2025-06-17로 이동했습니다.
[2025-06-17 00:30:32] 일요일이 아닌 때에 완료되지 않은 계획 '가슴, 삼두 운동 (1회 남음)::2025-06-16'의 시작일을 2025-06-17로 이동했습니다.
[2025-06-17 00:30:32] -------------------- 이전 계획 상태 업데이트 시작 --------------------
[2025-06-17 00:30:32] 계획 '가슴, 삼두 운동 (1회 남음)::2025-06-16'은 매주 n회 반복 계획으로 이곳에서 처리하지 않습니다.
[2025-06-17 00:30:32] 계획 '등, 이두 운동 (1회 남음)::2025-06-16'은 매주 n회 반복 계획으로 이곳에서 처리하지 않습니다.
[2025-06-17 00:30:32] 계획 '하체, 어깨 운동 (1회 남음)::2025-06-16'은 매주 n회 반복 계획으로 이곳에서 처리하지 않습니다.
[2025-06-17 00:30:34] 계획 'news in levels 한개 읽기::2025-06-16'이 완료 상태로 업데이트되었습니다.
[2025-06-17 00:30:34] 계획 'news in levels 한개 읽기::2025-06-15'이 완료 상태로 업데이트되었습니다.
[2025-06-17 00:30:34] -------------------- 오늘 계획 상태 업데이트 시작 --------------------
[2025-06-17 00:30:35] 계획 'news in levels 한개 읽기::2025-06-17'이 진행 중 상태로 업데이트되었습니다.
[2025-06-17 00:30:35] -------------------- 코드 전체 사이클 순회 완료 --------------------
