[2025-06-14 00:29:50] 환경변수 'NOTION_TOKEN'가 정상적으로 로드되었습니다.
[2025-06-14 00:29:50] 환경변수 'NOTION_CREATE_PLAN_DB_ID'가 정상적으로 로드되었습니다.
[2025-06-14 00:29:50] 환경변수 'NOTION_CREATE_PLAN_PAGE_ID'가 정상적으로 로드되었습니다.
[2025-06-14 00:29:50] 환경변수 'NOTION_VIEW_PLAN_DB_ID'가 정상적으로 로드되었습니다.
[2025-06-14 00:29:50] 환경변수 'NOTION_VIEW_PLAN_PAGE_ID'가 정상적으로 로드되었습니다.
[2025-06-14 00:29:54] -------------------- 캘린더 계획 생성 및 업데이트 시작 --------------------
[2025-06-14 00:29:54] 전체 생성 계획을 반복 유형에 따라 처리합니다.
[2025-06-14 00:29:54] 계획 'news in levels 한개 읽기'은 이미 2025-06-14에 생성되어 있습니다. 건너뜁니다.
[2025-06-14 00:29:55] 계획 '하체, 어깨 운동'은 현재 '잠시 중지' 상태입니다. 이번주는 건너뜁니다.
[2025-06-14 00:29:55] 계획 '등, 이두 운동'은 현재 '잠시 중지' 상태입니다. 이번주는 건너뜁니다.
[2025-06-14 00:29:56] 계획 '가슴, 삼두 운동'은 현재 '잠시 중지' 상태입니다. 이번주는 건너뜁니다.
[2025-06-14 00:29:56] -------------------- 이전 계획 상태 업데이트 시작 --------------------
[2025-06-14 00:29:57] 계획 'news in levels 한개 읽기::2025-06-13'이 완료 상태로 업데이트되었습니다.
[2025-06-14 00:29:57] 계획 'news in levels 한개 읽기::2025-06-12'이 완료 상태로 업데이트되었습니다.
[2025-06-14 00:29:57] 계획 '가슴, 삼두 운동 (1회 남음)::2025-06-12'은 매주 n회 반복 계획으로 이곳에서 처리하지 않습니다.
[2025-06-14 00:29:57] 계획 '등, 이두 운동 (1회 남음)::2025-06-12'은 매주 n회 반복 계획으로 이곳에서 처리하지 않습니다.
[2025-06-14 00:29:57] 계획 '하체, 어깨 운동 (1회 남음)::2025-06-11'은 매주 n회 반복 계획으로 이곳에서 처리하지 않습니다.
[2025-06-14 00:29:57] 계획 'news in levels 한개 읽기::2025-06-10'이 완료 상태로 업데이트되었습니다.
[2025-06-14 00:29:57] 계획 'news in levels 한개 읽기::2025-06-09'이 완료 상태로 업데이트되었습니다.
[2025-06-14 00:29:57] -------------------- 오늘 계획 상태 업데이트 시작 --------------------
[2025-06-14 00:29:58] 계획 'news in levels 한개 읽기::2025-06-14'이 진행 중 상태로 업데이트되었습니다.
[2025-06-14 00:29:58] -------------------- 코드 전체 사이클 순회 완료 --------------------
