[2025-06-23 00:27:51] 환경변수 'NOTION_TOKEN'가 정상적으로 로드되었습니다.
[2025-06-23 00:27:51] 환경변수 'NOTION_CREATE_PLAN_DB_ID'가 정상적으로 로드되었습니다.
[2025-06-23 00:27:51] 환경변수 'NOTION_CREATE_PLAN_PAGE_ID'가 정상적으로 로드되었습니다.
[2025-06-23 00:27:51] 환경변수 'NOTION_VIEW_PLAN_DB_ID'가 정상적으로 로드되었습니다.
[2025-06-23 00:27:51] 환경변수 'NOTION_VIEW_PLAN_PAGE_ID'가 정상적으로 로드되었습니다.
[2025-06-23 00:27:55] -------------------- 캘린더 계획 생성 및 업데이트 시작 --------------------
[2025-06-23 00:27:55] 전체 생성 계획을 반복 유형에 따라 처리합니다.
[2025-06-23 00:27:55] 계획 '명상'은 이미 2025-06-23에 생성되어 있습니다. 건너뜁니다.
[2025-06-23 00:27:55] 계획 '명상'은 이미 2025-06-24에 생성되어 있습니다. 건너뜁니다.
[2025-06-23 00:27:55] 계획 '명상'은 이미 2025-06-25에 생성되어 있습니다. 건너뜁니다.
[2025-06-23 00:27:55] 계획 '명상'은 이미 2025-06-26에 생성되어 있습니다. 건너뜁니다.
[2025-06-23 00:27:55] 계획 '명상'은 이미 2025-06-27에 생성되어 있습니다. 건너뜁니다.
[2025-06-23 00:27:55] 계획 '명상'은 이미 2025-06-28에 생성되어 있습니다. 건너뜁니다.
[2025-06-23 00:27:55] 계획 'news in levels 한개 읽기'은 이미 2025-06-23에 생성되어 있습니다. 건너뜁니다.
[2025-06-23 00:27:55] 계획 'news in levels 한개 읽기'은 이미 2025-06-24에 생성되어 있습니다. 건너뜁니다.
[2025-06-23 00:27:55] 계획 'news in levels 한개 읽기'은 이미 2025-06-25에 생성되어 있습니다. 건너뜁니다.
[2025-06-23 00:27:55] 계획 'news in levels 한개 읽기'은 이미 2025-06-26에 생성되어 있습니다. 건너뜁니다.
[2025-06-23 00:27:55] 계획 'news in levels 한개 읽기'은 이미 2025-06-27에 생성되어 있습니다. 건너뜁니다.
[2025-06-23 00:27:55] 계획 'news in levels 한개 읽기'은 이미 2025-06-28에 생성되어 있습니다. 건너뜁니다.
[2025-06-23 00:27:56] 일요일이 아닌 때에 완료되지 않은 계획 '하체, 어깨 운동 (1회 남음)::2025-06-22'의 시작일을 2025-06-23로 이동했습니다.
[2025-06-23 00:28:00] 일요일이 아닌 때에 완료되지 않은 계획 '등, 이두 운동 (1회 남음)::2025-06-22'의 시작일을 2025-06-23로 이동했습니다.
[2025-06-23 00:28:02] 일요일이 아닌 때에 완료되지 않은 계획 '가슴, 삼두 운동 (1회 남음)::2025-06-22'의 시작일을 2025-06-23로 이동했습니다.
[2025-06-23 00:28:02] -------------------- 이전 계획 상태 업데이트 시작 --------------------
[2025-06-23 00:28:02] 계획 '가슴, 삼두 운동 (1회 남음)::2025-06-22'은 매주 n회 반복 계획으로 이곳에서 처리하지 않습니다.
[2025-06-23 00:28:02] 계획 '등, 이두 운동 (1회 남음)::2025-06-22'은 매주 n회 반복 계획으로 이곳에서 처리하지 않습니다.
[2025-06-23 00:28:02] 계획 '하체, 어깨 운동 (1회 남음)::2025-06-22'은 매주 n회 반복 계획으로 이곳에서 처리하지 않습니다.
[2025-06-23 00:28:04] 계획 'news in levels 한개 읽기::2025-06-22'이 실패 상태로 업데이트되었습니다.
[2025-06-23 00:28:05] 계획 '명상::2025-06-22'이 실패 상태로 업데이트되었습니다.
[2025-06-23 00:28:05] -------------------- 오늘 계획 상태 업데이트 시작 --------------------
[2025-06-23 00:28:06] 계획 'news in levels 한개 읽기::2025-06-23'이 진행 중 상태로 업데이트되었습니다.
[2025-06-23 00:28:07] 계획 '명상::2025-06-23'이 진행 중 상태로 업데이트되었습니다.
[2025-06-23 00:28:07] -------------------- 코드 전체 사이클 순회 완료 --------------------
